[LOG] System::create                           : Header version = 1.10.10. Current version = 1.10.10.
[LOG] Manager::init                            : maxchannels = 256 studioflags = 00000006 flags 00000000 extradriverdata 0000000000000000.
[LOG] SystemI::init                            : Initialize version=11010 (98815), maxchannels=256, flags=0x00020000
[LOG] SystemI::setOutputInternal               : Setting output to 'FMOD WASAPI Output'
[LOG] OutputWASAPI::init                       : Mix Format (WAVEFORMATEX): wFormatTag=0xFFFE, nChannels=2, nSamplesPerSec=48000, nAvgBytesPerSec=384000, nBlockAlign=8, wBitsPerSample=32, cbSize=22.
[LOG] OutputWASAPI::init                       : Mix Format (WAVEFORMATEXTENSIBLE): wValidBitsPerSample=32, dwChannelMask=0x00000003, SubFormat=00000003-0000-0010-8000-00AA00389B71.
[LOG] OutputWASAPI::init                       : Output buffer size: 4096 samples, latency: 0.00ms, period: 10.00ms, DSP buffer: 1024 * 4
[LOG] Thread::initThread                       : Init FMOD stream thread. Priority: 2, Stack Size: 65536, Semaphore: No, Sleep Time: 10, Looping: Yes.
[LOG] Thread::initThread                       : Init FMOD mixer thread. Priority: 3, Stack Size: 49152, Semaphore: No, Sleep Time: 0, Looping: Yes.
[LOG] AsyncManager::init                       : manager 0000000042337948 isAsync 0 updatePeriod 0.02
[LOG] AsyncManager::init                       : done
[LOG] PlaybackSystem::init                     : 
[LOG] Thread::initThread                       : Init FMOD Studio sample load thread. Priority: 0, Stack Size: 65536, Semaphore: No, Sleep Time: 1, Looping: No.
[LOG] PlaybackSystem::init                     : done
[LOG] Thread::initThread                       : Init FMOD Studio bank load thread. Priority: 0, Stack Size: 65536, Semaphore: No, Sleep Time: 1, Looping: No.
[LOG] Manager::init                            : done.
[LOG] Manager::readBank                        : fileversion = 103, compatVersion = 99 (oldest = 44, newest = 103)
[LOG] Manager::readBank                        : fileversion = 103, compatVersion = 99 (oldest = 44, newest = 103)
[LOG] Manager::readBank                        : fileversion = 103, compatVersion = 99 (oldest = 44, newest = 103)
[LOG] Manager::readBank                        : fileversion = 103, compatVersion = 99 (oldest = 44, newest = 103)
[LOG] Manager::readBank                        : fileversion = 103, compatVersion = 99 (oldest = 44, newest = 103)
[LOG] Manager::readBank                        : fileversion = 103, compatVersion = 99 (oldest = 44, newest = 103)
[LOG] Manager::readBank                        : fileversion = 103, compatVersion = 99 (oldest = 44, newest = 103)
[LOG] SystemI::createSound                     : filename = FMOD\freshmansquest\Build\Desktop/Master Bank.bank : mode 02010082
[LOG] SystemI::createSound                     : FMOD_NONBLOCKING specified.  Putting into queue to be opened asynchronously!
[LOG] SystemI::createSound                     : setdata soundi = 000000001DE27E08 : node = 000000005413A480
[LOG] SystemI::createSound                     : add node to async list : head = 000000004B5798D8.  list count = 0
[LOG] AsyncThread::threadFunc                  : Starting Asynchronous operation on sound 000000001DE27E08
[LOG] SystemI::createSoundInternal             :     Create name='FMOD\freshmansquest\Build\Desktop/Master Bank.bank', mode=0x02010082
[LOG] SystemI::createSoundInternal             :     exinfo->cbsize             = 232
[LOG] SystemI::createSoundInternal             :     exinfo->length             = 2796128
[LOG] SystemI::createSoundInternal             :     exinfo->fileoffset         = 19168
[LOG] SystemI::createSoundInternal             :     exinfo->numsubsounds       = 1
[LOG] SystemI::createSoundInternal             :     exinfo->inclusionlist      = 000000005413A598
[LOG] SystemI::createSoundInternal             :     exinfo->inclusionlistnum   = 1
[LOG] SystemI::createSoundInternal             :     exinfo->suggestedsoundtype = 5
[LOG] SystemI::createSoundInternal             :     exinfo->initialseekposition = 15620
[LOG] SystemI::createSoundInternal             :     exinfo->initialseekpostype = 1
[LOG] SystemI::createSoundInternal             :     Stream 0/1: name='MainThemeConverted', format=2, channels=2, frequency=48000, lengthbytes=952704, lengthpcm=3562266, pcmblocksize=0, loopstart=0, loopend=0, mode=0x00000000, channelmask=0x00000000, channelorder=0, peakvolume=0.988983.
[LOG] AsyncThread::threadFunc                  : Finished Asynchronous operation on sound 000000001DE27E08
[LOG] SoundI::getSubSound                      : sound 000000001DE27E08.  Subsound index 0 / 1
[LOG] SoundI::release                          : MainThemeConverted (000000001E13C0D8)
[LOG] SoundI::release                          :     MainThemeConverted (000000004B57A7C8)
[LOG] SoundI::release                          :     MainThemeConverted (000000001E13AFF8)
[LOG] Manager::readBank                        : fileversion = 103, compatVersion = 99 (oldest = 44, newest = 103)
[LOG] Manager::readBank                        : fileversion = 103, compatVersion = 99 (oldest = 44, newest = 103)
[LOG] Manager::readBank                        : fileversion = 103, compatVersion = 99 (oldest = 44, newest = 103)
[LOG] Manager::readBank                        : fileversion = 103, compatVersion = 99 (oldest = 44, newest = 103)
[LOG] SystemI::createSound                     : filename = FMOD\freshmansquest\Build\Desktop/Master Bank.bank : mode 02010082
[LOG] SystemI::createSound                     : FMOD_NONBLOCKING specified.  Putting into queue to be opened asynchronously!
[LOG] SystemI::createSound                     : setdata soundi = 000000001DE28678 : node = 000000005413BC20
[LOG] SystemI::createSound                     : add node to async list : head = 000000004B5798D8.  list count = 0
[LOG] AsyncThread::threadFunc                  : Starting Asynchronous operation on sound 000000001DE28678
[LOG] SystemI::createSoundInternal             :     Create name='FMOD\freshmansquest\Build\Desktop/Master Bank.bank', mode=0x02010082
[LOG] SystemI::createSoundInternal             :     exinfo->cbsize             = 232
[LOG] SystemI::createSoundInternal             :     exinfo->length             = 2796128
[LOG] SystemI::createSoundInternal             :     exinfo->fileoffset         = 19168
[LOG] SystemI::createSoundInternal             :     exinfo->numsubsounds       = 1
[LOG] SystemI::createSoundInternal             :     exinfo->inclusionlist      = 000000005413BD38
[LOG] SystemI::createSoundInternal             :     exinfo->inclusionlistnum   = 1
[LOG] SystemI::createSoundInternal             :     exinfo->suggestedsoundtype = 5
[LOG] SystemI::createSoundInternal             :     exinfo->initialseekposition = 15620
[LOG] SystemI::createSoundInternal             :     exinfo->initialseekpostype = 1
[LOG] SystemI::createSoundInternal             :     Stream 0/1: name='MainThemeConverted', format=2, channels=2, frequency=48000, lengthbytes=952704, lengthpcm=3562266, pcmblocksize=0, loopstart=0, loopend=0, mode=0x00000000, channelmask=0x00000000, channelorder=0, peakvolume=0.988983.
[LOG] AsyncThread::threadFunc                  : Finished Asynchronous operation on sound 000000001DE28678
[LOG] SoundI::getSubSound                      : sound 000000001DE28678.  Subsound index 0 / 1
[LOG] SoundI::release                          : MainThemeConverted (000000001DE27E08)
[LOG] SoundI::release                          :     MainThemeConverted (000000004B577A48)
[LOG] SoundI::release                          :     MainThemeConverted (000000001DE284C8)
[LOG] Manager::readBank                        : fileversion = 103, compatVersion = 99 (oldest = 44, newest = 103)
[LOG] Manager::readBank                        : fileversion = 103, compatVersion = 99 (oldest = 44, newest = 103)
[LOG] Manager::readBank                        : fileversion = 103, compatVersion = 99 (oldest = 44, newest = 103)
[LOG] Manager::readBank                        : fileversion = 103, compatVersion = 99 (oldest = 44, newest = 103)
[LOG] SystemI::createSound                     : filename = FMOD\freshmansquest\Build\Desktop/Master Bank.bank : mode 02010082
[LOG] SystemI::createSound                     : FMOD_NONBLOCKING specified.  Putting into queue to be opened asynchronously!
[LOG] SystemI::createSound                     : setdata soundi = 000000001DE27748 : node = 000000005413B2F0
[LOG] SystemI::createSound                     : add node to async list : head = 000000004B5798D8.  list count = 0
[LOG] AsyncThread::threadFunc                  : Starting Asynchronous operation on sound 000000001DE27748
[LOG] SystemI::createSoundInternal             :     Create name='FMOD\freshmansquest\Build\Desktop/Master Bank.bank', mode=0x02010082
[LOG] SystemI::createSoundInternal             :     exinfo->cbsize             = 232
[LOG] SystemI::createSoundInternal             :     exinfo->length             = 2796128
[LOG] SystemI::createSoundInternal             :     exinfo->fileoffset         = 19168
[LOG] SystemI::createSoundInternal             :     exinfo->numsubsounds       = 1
[LOG] SystemI::createSoundInternal             :     exinfo->inclusionlist      = 000000005413B408
[LOG] SystemI::createSoundInternal             :     exinfo->inclusionlistnum   = 1
[LOG] SystemI::createSoundInternal             :     exinfo->suggestedsoundtype = 5
[LOG] SystemI::createSoundInternal             :     exinfo->initialseekposition = 15620
[LOG] SystemI::createSoundInternal             :     exinfo->initialseekpostype = 1
[LOG] SystemI::createSoundInternal             :     Stream 0/1: name='MainThemeConverted', format=2, channels=2, frequency=48000, lengthbytes=952704, lengthpcm=3562266, pcmblocksize=0, loopstart=0, loopend=0, mode=0x00000000, channelmask=0x00000000, channelorder=0, peakvolume=0.988983.
[LOG] AsyncThread::threadFunc                  : Finished Asynchronous operation on sound 000000001DE27748
[LOG] SoundI::getSubSound                      : sound 000000001DE27748.  Subsound index 0 / 1
[LOG] SoundI::release                          : MainThemeConverted (000000001DE28678)
[LOG] SoundI::release                          :     MainThemeConverted (000000004B57AB08)
[LOG] SoundI::release                          :     MainThemeConverted (000000001DE273E8)
[LOG] Manager::readBank                        : fileversion = 103, compatVersion = 99 (oldest = 44, newest = 103)
[LOG] Manager::readBank                        : fileversion = 103, compatVersion = 99 (oldest = 44, newest = 103)
[LOG] Manager::readBank                        : fileversion = 103, compatVersion = 99 (oldest = 44, newest = 103)
[LOG] Manager::readBank                        : fileversion = 103, compatVersion = 99 (oldest = 44, newest = 103)
[LOG] SystemI::createSound                     : filename = FMOD\freshmansquest\Build\Desktop/Master Bank.bank : mode 02010082
[LOG] SystemI::createSound                     : FMOD_NONBLOCKING specified.  Putting into queue to be opened asynchronously!
[LOG] SystemI::createSound                     : setdata soundi = 000000001DE284C8 : node = 000000005413A330
[LOG] SystemI::createSound                     : add node to async list : head = 000000004B5798D8.  list count = 0
[LOG] AsyncThread::threadFunc                  : Starting Asynchronous operation on sound 000000001DE284C8
[LOG] SystemI::createSoundInternal             :     Create name='FMOD\freshmansquest\Build\Desktop/Master Bank.bank', mode=0x02010082
[LOG] SystemI::createSoundInternal             :     exinfo->cbsize             = 232
[LOG] SystemI::createSoundInternal             :     exinfo->length             = 2796128
[LOG] SystemI::createSoundInternal             :     exinfo->fileoffset         = 19168
[LOG] SystemI::createSoundInternal             :     exinfo->numsubsounds       = 1
[LOG] SystemI::createSoundInternal             :     exinfo->inclusionlist      = 000000005413A448
[LOG] SystemI::createSoundInternal             :     exinfo->inclusionlistnum   = 1
[LOG] SystemI::createSoundInternal             :     exinfo->suggestedsoundtype = 5
[LOG] SystemI::createSoundInternal             :     exinfo->initialseekposition = 15620
[LOG] SystemI::createSoundInternal             :     exinfo->initialseekpostype = 1
[LOG] SystemI::createSoundInternal             :     Stream 0/1: name='MainThemeConverted', format=2, channels=2, frequency=48000, lengthbytes=952704, lengthpcm=3562266, pcmblocksize=0, loopstart=0, loopend=0, mode=0x00000000, channelmask=0x00000000, channelorder=0, peakvolume=0.988983.
[LOG] AsyncThread::threadFunc                  : Finished Asynchronous operation on sound 000000001DE284C8
[LOG] SoundI::getSubSound                      : sound 000000001DE284C8.  Subsound index 0 / 1
[LOG] SoundI::release                          : MainThemeConverted (000000001DE27748)
[LOG] SoundI::release                          :     MainThemeConverted (000000004B57ACA8)
[LOG] SoundI::release                          :     MainThemeConverted (000000001DE27E08)
[LOG] Manager::readBank                        : fileversion = 103, compatVersion = 99 (oldest = 44, newest = 103)
[LOG] Manager::readBank                        : fileversion = 103, compatVersion = 99 (oldest = 44, newest = 103)
[LOG] Manager::readBank                        : fileversion = 103, compatVersion = 99 (oldest = 44, newest = 103)
[LOG] Manager::readBank                        : fileversion = 103, compatVersion = 99 (oldest = 44, newest = 103)
[LOG] SystemI::createSound                     : filename = FMOD\freshmansquest\Build\Desktop/Master Bank.bank : mode 02010082
[LOG] SystemI::createSound                     : FMOD_NONBLOCKING specified.  Putting into queue to be opened asynchronously!
[LOG] SystemI::createSound                     : setdata soundi = 000000001DE273E8 : node = 000000005413BC20
[LOG] SystemI::createSound                     : add node to async list : head = 000000004B5798D8.  list count = 0
[LOG] AsyncThread::threadFunc                  : Starting Asynchronous operation on sound 000000001DE273E8
[LOG] SystemI::createSoundInternal             :     Create name='FMOD\freshmansquest\Build\Desktop/Master Bank.bank', mode=0x02010082
[LOG] SystemI::createSoundInternal             :     exinfo->cbsize             = 232
[LOG] SystemI::createSoundInternal             :     exinfo->length             = 2796128
[LOG] SystemI::createSoundInternal             :     exinfo->fileoffset         = 19168
[LOG] SystemI::createSoundInternal             :     exinfo->numsubsounds       = 1
[LOG] SystemI::createSoundInternal             :     exinfo->inclusionlist      = 000000005413BD38
[LOG] SystemI::createSoundInternal             :     exinfo->inclusionlistnum   = 1
[LOG] SystemI::createSoundInternal             :     exinfo->suggestedsoundtype = 5
[LOG] SystemI::createSoundInternal             :     exinfo->initialseekposition = 15620
[LOG] SystemI::createSoundInternal             :     exinfo->initialseekpostype = 1
[LOG] SystemI::createSoundInternal             :     Stream 0/1: name='MainThemeConverted', format=2, channels=2, frequency=48000, lengthbytes=952704, lengthpcm=3562266, pcmblocksize=0, loopstart=0, loopend=0, mode=0x00000000, channelmask=0x00000000, channelorder=0, peakvolume=0.988983.
[LOG] AsyncThread::threadFunc                  : Finished Asynchronous operation on sound 000000001DE273E8
[LOG] SoundI::getSubSound                      : sound 000000001DE273E8.  Subsound index 0 / 1
[LOG] SoundI::release                          : MainThemeConverted (000000001DE284C8)
[LOG] SoundI::release                          :     MainThemeConverted (000000004B577A48)
[LOG] SoundI::release                          :     MainThemeConverted (000000001DE28678)
[LOG] Manager::readBank                        : fileversion = 103, compatVersion = 99 (oldest = 44, newest = 103)
[LOG] Manager::readBank                        : fileversion = 103, compatVersion = 99 (oldest = 44, newest = 103)
[LOG] Manager::readBank                        : fileversion = 103, compatVersion = 99 (oldest = 44, newest = 103)
[LOG] SystemI::createSound                     : filename = FMOD\freshmansquest\Build\Desktop/Master Bank.bank : mode 02010082
[LOG] SystemI::createSound                     : FMOD_NONBLOCKING specified.  Putting into queue to be opened asynchronously!
[LOG] SystemI::createSound                     : setdata soundi = 000000001DD7F3B8 : node = 000000005413BEC0
[LOG] SystemI::createSound                     : add node to async list : head = 000000004B5798D8.  list count = 0
[LOG] AsyncThread::threadFunc                  : Starting Asynchronous operation on sound 000000001DD7F3B8
[LOG] SystemI::createSoundInternal             :     Create name='FMOD\freshmansquest\Build\Desktop/Master Bank.bank', mode=0x02010082
[LOG] SystemI::createSoundInternal             :     exinfo->cbsize             = 232
[LOG] SystemI::createSoundInternal             :     exinfo->length             = 2796128
[LOG] SystemI::createSoundInternal             :     exinfo->fileoffset         = 19168
[LOG] SystemI::createSoundInternal             :     exinfo->numsubsounds       = 1
[LOG] SystemI::createSoundInternal             :     exinfo->inclusionlist      = 000000005413BFD8
[LOG] SystemI::createSoundInternal             :     exinfo->inclusionlistnum   = 1
[LOG] SystemI::createSoundInternal             :     exinfo->suggestedsoundtype = 5
[LOG] SystemI::createSoundInternal             :     exinfo->initialseekposition = 15620
[LOG] SystemI::createSoundInternal             :     exinfo->initialseekpostype = 1
[LOG] SystemI::createSoundInternal             :     Stream 0/1: name='MainThemeConverted', format=2, channels=2, frequency=48000, lengthbytes=952704, lengthpcm=3562266, pcmblocksize=0, loopstart=0, loopend=0, mode=0x00000000, channelmask=0x00000000, channelorder=0, peakvolume=0.988983.
[LOG] AsyncThread::threadFunc                  : Finished Asynchronous operation on sound 000000001DD7F3B8
[LOG] SoundI::getSubSound                      : sound 000000001DD7F3B8.  Subsound index 0 / 1
[LOG] SoundI::release                          : MainThemeConverted (000000001DE273E8)
[LOG] SoundI::release                          :     MainThemeConverted (000000004B577BE8)
[LOG] SoundI::release                          :     MainThemeConverted (000000001DE27748)
[LOG] Manager::readBank                        : fileversion = 103, compatVersion = 99 (oldest = 44, newest = 103)
[LOG] Manager::readBank                        : fileversion = 103, compatVersion = 99 (oldest = 44, newest = 103)
[LOG] Manager::readBank                        : fileversion = 103, compatVersion = 99 (oldest = 44, newest = 103)
[LOG] Manager::readBank                        : fileversion = 103, compatVersion = 99 (oldest = 44, newest = 103)
[LOG] SystemI::createSound                     : filename = FMOD\freshmansquest\Build\Desktop/Master Bank.bank : mode 02010082
[LOG] SystemI::createSound                     : FMOD_NONBLOCKING specified.  Putting into queue to be opened asynchronously!
[LOG] SystemI::createSound                     : setdata soundi = 000000001DD7F8C8 : node = 000000005413A090
[LOG] SystemI::createSound                     : add node to async list : head = 000000004B5798D8.  list count = 0
[LOG] AsyncThread::threadFunc                  : Starting Asynchronous operation on sound 000000001DD7F8C8
[LOG] SystemI::createSoundInternal             :     Create name='FMOD\freshmansquest\Build\Desktop/Master Bank.bank', mode=0x02010082
[LOG] SystemI::createSoundInternal             :     exinfo->cbsize             = 232
[LOG] SystemI::createSoundInternal             :     exinfo->length             = 2796128
[LOG] SystemI::createSoundInternal             :     exinfo->fileoffset         = 19168
[LOG] SystemI::createSoundInternal             :     exinfo->numsubsounds       = 1
[LOG] SystemI::createSoundInternal             :     exinfo->inclusionlist      = 000000005413A1A8
[LOG] SystemI::createSoundInternal             :     exinfo->inclusionlistnum   = 1
[LOG] SystemI::createSoundInternal             :     exinfo->suggestedsoundtype = 5
[LOG] SystemI::createSoundInternal             :     exinfo->initialseekposition = 15620
[LOG] SystemI::createSoundInternal             :     exinfo->initialseekpostype = 1
[LOG] SystemI::createSoundInternal             :     Stream 0/1: name='MainThemeConverted', format=2, channels=2, frequency=48000, lengthbytes=952704, lengthpcm=3562266, pcmblocksize=0, loopstart=0, loopend=0, mode=0x00000000, channelmask=0x00000000, channelorder=0, peakvolume=0.988983.
[LOG] AsyncThread::threadFunc                  : Finished Asynchronous operation on sound 000000001DD7F8C8
[LOG] SoundI::getSubSound                      : sound 000000001DD7F8C8.  Subsound index 0 / 1
[LOG] SoundI::release                          : MainThemeConverted (000000001DD7F3B8)
[LOG] SoundI::release                          :     MainThemeConverted (000000004B5792A8)
[LOG] SoundI::release                          :     MainThemeConverted (000000001DD7F568)
[LOG] Manager::readBank                        : fileversion = 103, compatVersion = 99 (oldest = 44, newest = 103)
[LOG] Manager::readBank                        : fileversion = 103, compatVersion = 99 (oldest = 44, newest = 103)
[LOG] Manager::readBank                        : fileversion = 103, compatVersion = 99 (oldest = 44, newest = 103)
[LOG] Manager::readBank                        : fileversion = 103, compatVersion = 99 (oldest = 44, newest = 103)
[LOG] SystemI::createSound                     : filename = FMOD\freshmansquest\Build\Desktop/Master Bank.bank : mode 02010082
[LOG] SystemI::createSound                     : FMOD_NONBLOCKING specified.  Putting into queue to be opened asynchronously!
[LOG] SystemI::createSound                     : setdata soundi = 000000001DD7FF88 : node = 000000005413AF00
[LOG] SystemI::createSound                     : add node to async list : head = 000000004B5798D8.  list count = 0
[LOG] AsyncThread::threadFunc                  : Starting Asynchronous operation on sound 000000001DD7FF88
[LOG] SystemI::createSoundInternal             :     Create name='FMOD\freshmansquest\Build\Desktop/Master Bank.bank', mode=0x02010082
[LOG] SystemI::createSoundInternal             :     exinfo->cbsize             = 232
[LOG] SystemI::createSoundInternal             :     exinfo->length             = 2796128
[LOG] SystemI::createSoundInternal             :     exinfo->fileoffset         = 19168
[LOG] SystemI::createSoundInternal             :     exinfo->numsubsounds       = 1
[LOG] SystemI::createSoundInternal             :     exinfo->inclusionlist      = 000000005413B018
[LOG] SystemI::createSoundInternal             :     exinfo->inclusionlistnum   = 1
[LOG] SystemI::createSoundInternal             :     exinfo->suggestedsoundtype = 5
[LOG] SystemI::createSoundInternal             :     exinfo->initialseekposition = 15620
[LOG] SystemI::createSoundInternal             :     exinfo->initialseekpostype = 1
[LOG] SystemI::createSoundInternal             :     Stream 0/1: name='MainThemeConverted', format=2, channels=2, frequency=48000, lengthbytes=952704, lengthpcm=3562266, pcmblocksize=0, loopstart=0, loopend=0, mode=0x00000000, channelmask=0x00000000, channelorder=0, peakvolume=0.988983.
[LOG] AsyncThread::threadFunc                  : Finished Asynchronous operation on sound 000000001DD7FF88
[LOG] SoundI::getSubSound                      : sound 000000001DD7FF88.  Subsound index 0 / 1
[LOG] SoundI::release                          : MainThemeConverted (000000001DD7F8C8)
[LOG] SoundI::release                          :     MainThemeConverted (000000004B577F28)
[LOG] SoundI::release                          :     MainThemeConverted (000000001DD7FA78)
[LOG] Manager::readBank                        : fileversion = 103, compatVersion = 99 (oldest = 44, newest = 103)
[LOG] Manager::readBank                        : fileversion = 103, compatVersion = 99 (oldest = 44, newest = 103)
[LOG] Manager::readBank                        : fileversion = 103, compatVersion = 99 (oldest = 44, newest = 103)
[LOG] Manager::readBank                        : fileversion = 103, compatVersion = 99 (oldest = 44, newest = 103)
[LOG] SystemI::createSound                     : filename = FMOD\freshmansquest\Build\Desktop/Master Bank.bank : mode 02010082
[LOG] SystemI::createSound                     : FMOD_NONBLOCKING specified.  Putting into queue to be opened asynchronously!
[LOG] SystemI::createSound                     : setdata soundi = 000000001DD7F8C8 : node = 000000005413A090
[LOG] SystemI::createSound                     : add node to async list : head = 000000004B5798D8.  list count = 0
[LOG] AsyncThread::threadFunc                  : Starting Asynchronous operation on sound 000000001DD7F8C8
[LOG] SystemI::createSoundInternal             :     Create name='FMOD\freshmansquest\Build\Desktop/Master Bank.bank', mode=0x02010082
[LOG] SystemI::createSoundInternal             :     exinfo->cbsize             = 232
[LOG] SystemI::createSoundInternal             :     exinfo->length             = 2796128
[LOG] SystemI::createSoundInternal             :     exinfo->fileoffset         = 19168
[LOG] SystemI::createSoundInternal             :     exinfo->numsubsounds       = 1
[LOG] SystemI::createSoundInternal             :     exinfo->inclusionlist      = 000000005413A1A8
[LOG] SystemI::createSoundInternal             :     exinfo->inclusionlistnum   = 1
[LOG] SystemI::createSoundInternal             :     exinfo->suggestedsoundtype = 5
[LOG] SystemI::createSoundInternal             :     exinfo->initialseekposition = 15620
[LOG] SystemI::createSoundInternal             :     exinfo->initialseekpostype = 1
[LOG] SystemI::createSoundInternal             :     Stream 0/1: name='MainThemeConverted', format=2, channels=2, frequency=48000, lengthbytes=952704, lengthpcm=3562266, pcmblocksize=0, loopstart=0, loopend=0, mode=0x00000000, channelmask=0x00000000, channelorder=0, peakvolume=0.988983.
[LOG] AsyncThread::threadFunc                  : Finished Asynchronous operation on sound 000000001DD7F8C8
[LOG] SoundI::getSubSound                      : sound 000000001DD7F8C8.  Subsound index 0 / 1
[LOG] SoundI::release                          : MainThemeConverted (000000001DD7FF88)
[LOG] SoundI::release                          :     MainThemeConverted (000000004B5780C8)
[LOG] SoundI::release                          :     MainThemeConverted (000000001DD7F568)
[LOG] Manager::readBank                        : fileversion = 103, compatVersion = 99 (oldest = 44, newest = 103)
[LOG] Manager::readBank                        : fileversion = 103, compatVersion = 99 (oldest = 44, newest = 103)
[LOG] Manager::readBank                        : fileversion = 103, compatVersion = 99 (oldest = 44, newest = 103)
[LOG] Manager::readBank                        : fileversion = 103, compatVersion = 99 (oldest = 44, newest = 103)
[LOG] SystemI::createSound                     : filename = FMOD\freshmansquest\Build\Desktop/Master Bank.bank : mode 02010082
[LOG] SystemI::createSound                     : FMOD_NONBLOCKING specified.  Putting into queue to be opened asynchronously!
[LOG] SystemI::createSound                     : setdata soundi = 000000001DD80138 : node = 000000005413B2F0
[LOG] SystemI::createSound                     : add node to async list : head = 000000004B5798D8.  list count = 0
[LOG] AsyncThread::threadFunc                  : Starting Asynchronous operation on sound 000000001DD80138
[LOG] SystemI::createSoundInternal             :     Create name='FMOD\freshmansquest\Build\Desktop/Master Bank.bank', mode=0x02010082
[LOG] SystemI::createSoundInternal             :     exinfo->cbsize             = 232
[LOG] SystemI::createSoundInternal             :     exinfo->length             = 2796128
[LOG] SystemI::createSoundInternal             :     exinfo->fileoffset         = 19168
[LOG] SystemI::createSoundInternal             :     exinfo->numsubsounds       = 1
[LOG] SystemI::createSoundInternal             :     exinfo->inclusionlist      = 000000005413B408
[LOG] SystemI::createSoundInternal             :     exinfo->inclusionlistnum   = 1
[LOG] SystemI::createSoundInternal             :     exinfo->suggestedsoundtype = 5
[LOG] SystemI::createSoundInternal             :     exinfo->initialseekposition = 15620
[LOG] SystemI::createSoundInternal             :     exinfo->initialseekpostype = 1
[LOG] SystemI::createSoundInternal             :     Stream 0/1: name='MainThemeConverted', format=2, channels=2, frequency=48000, lengthbytes=952704, lengthpcm=3562266, pcmblocksize=0, loopstart=0, loopend=0, mode=0x00000000, channelmask=0x00000000, channelorder=0, peakvolume=0.988983.
[LOG] AsyncThread::threadFunc                  : Finished Asynchronous operation on sound 000000001DD80138
[LOG] SoundI::getSubSound                      : sound 000000001DD80138.  Subsound index 0 / 1
[LOG] SoundI::release                          : MainThemeConverted (000000001DD7F8C8)
[LOG] SoundI::release                          :     MainThemeConverted (000000004B57A2E8)
[LOG] SoundI::release                          :     MainThemeConverted (000000001DD7FDD8)
[LOG] Manager::readBank                        : fileversion = 103, compatVersion = 99 (oldest = 44, newest = 103)
[LOG] Manager::readBank                        : fileversion = 103, compatVersion = 99 (oldest = 44, newest = 103)
[LOG] Manager::readBank                        : fileversion = 103, compatVersion = 99 (oldest = 44, newest = 103)
[LOG] SystemI::createSound                     : filename = FMOD\freshmansquest\Build\Desktop/Master Bank.bank : mode 02010082
[LOG] SystemI::createSound                     : FMOD_NONBLOCKING specified.  Putting into queue to be opened asynchronously!
[LOG] SystemI::createSound                     : setdata soundi = 000000001DD7F3B8 : node = 000000005413B590
[LOG] SystemI::createSound                     : add node to async list : head = 000000004B5798D8.  list count = 0
[LOG] AsyncThread::threadFunc                  : Starting Asynchronous operation on sound 000000001DD7F3B8
[LOG] SystemI::createSoundInternal             :     Create name='FMOD\freshmansquest\Build\Desktop/Master Bank.bank', mode=0x02010082
[LOG] SystemI::createSoundInternal             :     exinfo->cbsize             = 232
[LOG] SystemI::createSoundInternal             :     exinfo->length             = 2796128
[LOG] SystemI::createSoundInternal             :     exinfo->fileoffset         = 19168
[LOG] SystemI::createSoundInternal             :     exinfo->numsubsounds       = 1
[LOG] SystemI::createSoundInternal             :     exinfo->inclusionlist      = 000000005413B6A8
[LOG] SystemI::createSoundInternal             :     exinfo->inclusionlistnum   = 1
[LOG] SystemI::createSoundInternal             :     exinfo->suggestedsoundtype = 5
[LOG] SystemI::createSoundInternal             :     exinfo->initialseekposition = 15620
[LOG] SystemI::createSoundInternal             :     exinfo->initialseekpostype = 1
[LOG] SystemI::createSoundInternal             :     Stream 0/1: name='MainThemeConverted', format=2, channels=2, frequency=48000, lengthbytes=952704, lengthpcm=3562266, pcmblocksize=0, loopstart=0, loopend=0, mode=0x00000000, channelmask=0x00000000, channelorder=0, peakvolume=0.988983.
[LOG] AsyncThread::threadFunc                  : Finished Asynchronous operation on sound 000000001DD7F3B8
[LOG] SoundI::getSubSound                      : sound 000000001DD7F3B8.  Subsound index 0 / 1
[LOG] SoundI::release                          : MainThemeConverted (000000001DD80138)
[LOG] SoundI::release                          :     MainThemeConverted (000000004B5785A8)
[LOG] SoundI::release                          :     MainThemeConverted (000000001DD7FC28)
[LOG] Manager::readBank                        : fileversion = 103, compatVersion = 99 (oldest = 44, newest = 103)
[LOG] Manager::readBank                        : fileversion = 103, compatVersion = 99 (oldest = 44, newest = 103)
[LOG] SoundI::release                          : MainThemeConverted (000000001DD7F3B8)
[LOG] SoundI::release                          :     MainThemeConverted (000000004B577A48)
[LOG] SoundI::release                          :     MainThemeConverted (000000001DD7FDD8)
[LOG] Thread::callback                         : FMOD Studio update thread finished.
[LOG] Thread::callback                         : FMOD Studio bank load thread finished.
[LOG] Profile::disconnectAll                   : Profiler disconnecting all clients
[LOG] Thread::callback                         : FMOD Studio sample load thread finished.
[LOG] LiveUpdate::release                      : 
[LOG] LiveUpdate::reset                        : Reset connection (reason Disconnected)
[LOG] Thread::callback                         : FMOD stream thread finished.
[LOG] Thread::callback                         : FMOD mixer thread finished.
[LOG] Profile::disconnectAll                   : Profiler disconnecting all clients
[LOG] SystemI::close                           : Closed.
[LOG] Manager::readBank                        : fileversion = 103, compatVersion = 99 (oldest = 44, newest = 103)
[LOG] Manager::readBank                        : fileversion = 103, compatVersion = 99 (oldest = 44, newest = 103)
[LOG] Manager::readBank                        : fileversion = 103, compatVersion = 99 (oldest = 44, newest = 103)
[LOG] Manager::readBank                        : fileversion = 103, compatVersion = 99 (oldest = 44, newest = 103)
[LOG] Manager::readBank                        : fileversion = 103, compatVersion = 99 (oldest = 44, newest = 103)
[LOG] Manager::readBank                        : fileversion = 103, compatVersion = 99 (oldest = 44, newest = 103)
[LOG] PlaybackSystem::acquireMasterBus         : Setting master channel group format to 6
[LOG] Thread::callback                         : FMOD Studio bank load thread finished.
[LOG] Thread::callback                         : FMOD Studio sample load thread finished.
[LOG] LiveUpdate::release                      : 
[LOG] LiveUpdate::reset                        : Reset connection (reason Disconnected)
[LOG] Thread::callback                         : FMOD stream thread finished.
[LOG] Thread::callback                         : FMOD mixer thread finished.
[LOG] Thread::callback                         : FMOD nonblocking thread (0) finished.
[LOG] Thread::callback                         : FMOD file thread finished.
[LOG] SystemI::close                           : Closed.
