
=== Thu Jan  3 21:28:47 2019

Packages were changed.
Update Mode: resetToDefaultDependencies

The following packages were added:
  com.unity.analytics@3.2.2
  com.unity.purchasing@2.0.3
  com.unity.ads@2.3.1
  com.unity.collab-proxy@1.2.15
The following packages were updated:
  com.unity.textmeshpro from version 1.2.4 to 1.3.0
  com.unity.package-manager-ui from version 1.9.11 to 2.0.3
The following packages were removed:
  com.unity.2d.animation@1.0.16-preview.1
  com.unity.2d.pixel-perfect@1.0.1-preview
  com.unity.2d.spriteshape@1.0.12-preview.1
  com.unity.cinemachine@2.2.7

=== Tue Jan  8 20:39:27 2019

Packages were changed.
Update Mode: updateDependencies

The following packages were added:
  com.unity.analytics@3.2.2
  com.unity.purchasing@2.0.3
  com.unity.ads@2.3.1
  com.unity.collab-proxy@1.2.15
The following packages were updated:
  com.unity.textmeshpro from version 1.2.4 to 1.3.0

=== Sun Oct  6 13:33:36 2019

Packages were changed.
Update Mode: updateDependencies

The following packages were added:
  com.unity.2d.tilemap@1.0.0
  com.unity.ext.nunit@1.0.0
  com.unity.test-framework@1.0.13
  com.unity.timeline@1.1.0
  com.unity.2d.sprite@1.0.0
  com.unity.ide.vscode@1.1.2
  com.unity.ide.rider@1.1.0
  com.unity.ugui@1.0.0
  com.unity.modules.androidjni@1.0.0
  com.unity.multiplayer-hlapi@1.0.2
  com.unity.xr.legacyinputhelpers@2.0.2
The following packages were updated:
  com.unity.analytics from version 3.2.2 to 3.3.2
  com.unity.cinemachine from version 2.2.7 to 2.3.3
  com.unity.collab-proxy from version 1.2.15 to 1.2.16
  com.unity.package-manager-ui from version 2.0.3 to 2.2.0
  com.unity.purchasing from version 2.0.3 to 2.0.6
  com.unity.render-pipelines.high-definition from version 4.10.0-preview to 6.9.0-preview
  com.unity.textmeshpro from version 1.3.0 to 2.0.1
  com.unity.visualeffectgraph from version 4.10.0-preview to 6.9.0-preview
